<?xml version="1.0" encoding="UTF-8"?>
<testng-results ignored="0" total="1" passed="1" failed="0" skipped="0">
  <reporter-output>
  </reporter-output>
  <suite started-at="2022-10-30T17:47:54 IST" name="Default suite" finished-at="2022-10-30T17:48:33 IST" duration-ms="38637">
    <groups>
    </groups>
    <test started-at="2022-10-30T17:47:54 IST" name="Default test" finished-at="2022-10-30T17:48:33 IST" duration-ms="38637">
      <class name="com.Amazon.TestClasses.TC_001VerifyLoginFunctionality">
        <test-method is-config="true" signature="setUp()[pri:0, instance:com.Amazon.TestClasses.TC_001VerifyLoginFunctionality@130161f7]" started-at="2022-10-30T17:47:54 IST" name="setUp" finished-at="2022-10-30T17:48:27 IST" duration-ms="32940" status="PASS">
          <reporter-output>
          </reporter-output>
        </test-method> <!-- setUp -->
        <test-method signature="VerifyLoginFunctionality()[pri:0, instance:com.Amazon.TestClasses.TC_001VerifyLoginFunctionality@130161f7]" started-at="2022-10-30T17:48:27 IST" name="VerifyLoginFunctionality" finished-at="2022-10-30T17:48:32 IST" duration-ms="5528" status="PASS">
          <reporter-output>
          </reporter-output>
        </test-method> <!-- VerifyLoginFunctionality -->
        <test-method is-config="true" signature="tearDown()[pri:0, instance:com.Amazon.TestClasses.TC_001VerifyLoginFunctionality@130161f7]" started-at="2022-10-30T17:48:32 IST" name="tearDown" finished-at="2022-10-30T17:48:33 IST" duration-ms="139" status="PASS">
          <reporter-output>
          </reporter-output>
        </test-method> <!-- tearDown -->
      </class> <!-- com.Amazon.TestClasses.TC_001VerifyLoginFunctionality -->
    </test> <!-- Default test -->
  </suite> <!-- Default suite -->
</testng-results>
